31 71
108 129
133 198
193 224
237 248
243 301
277 322
318 355
335 381
404 416
431 439
453 480
473 481
478 566
559 606
574 628
689 721
707 772
749 799
761 822
816 834
817 868
825 869
862 895
892 909
904 932
908 967
942 982
949 984
960 997
974 1032
1020 1042
1107 1146
1116 1180
1152 1203
1181 1209
1280 1307
1289 1317
1369 1445
1391 1451
1450 1460
1456 1462
1467 1488
1496 1525
1547 1591
1562 1626
1567 1632
1603 1643
1609 1659
1631 1667
1680 1697
1691 1727
1720 1814
1795 1867
1873 1925
1876 1962
1900 1971
1915 1982
1917 1992
1963 2031
1981 2035
2009 2060
2042 2067
2052 2072
2065 2103
2084 2134
2096 2159
2114 2177
2144 2198
2178 2214
2210 2240
2236 2251
2288 2322
2326 2373
2334 2406
2380 2411
2451 2482
2459 2501
2491 2506
2538 2617
2590 2658
2603 2660
2613 2692
2651 2702
2697 2726
2724 2765
2748 2776
2795 2833
2829 2894
2925 2990
2985 3033
3037 3078
3072 3093
3076 3130
3100 3165
3115 3187
3124 3187
3137 3204
3173 3216
3183 3239
3210 3273
3253 3331
3309 3347
3319 3377
3334 3411
3353 3441
3379 3447
3381 3456
3421 3466
3446 3488
3465 3548
3523 3576
3531 3592
3533 3617
3594 3625
3625 3643
3633 3684
3655 3700
3663 3724
3678 3744
3697 3778
3751 3798
3772 3829
3779 3853
3791 3864
3827 3870
3832 3892
3884 3909
3897 3927
3898 3949
3987 3990
4013 4072
4067 4073
4105 4173
4115 4203
4141 4205
4227 4277
4246 4311
4254 4311
4294 4320
4305 4327
4315 4373
4323 4396
4350 4401
4359 4421
4447 4450
4486 4489
4561 4570
4618 4671
4634 4688
4663 4713
4714 4747
4732 4751
4753 4763
4769 4838
4856 4886
4933 4983
4941 5003
4943 5030
5001 5037
5044 5103
5045 5115
5102 5141
5130 5145
5133 5160
5135 5178
5166 5189
5177 5220
5211 5231
5218 5261
5272 5316
5276 5321
5304 5332
5344 5441
5365 5450
5402 5481
5457 5496
5477 5501
5604 5674
5639 5727
5706 5746
5776 5804
5800 5822
5838 5857
5876 5894
5902 5961
5903 5975
5939 5983
5961 6031
5982 6034
5992 6057
5998 6073
6039 6078
6059 6152
6147 6192
6166 6207
6203 6221
6203 6242
6214 6272
6219 6286
6256 6295
6263 6308
6310 6343
6402 6475
6451 6549
6510 6558
6511 6575
6526 6585
6543 6605
6610 6638
6619 6642
6667 6712
6707 6731
6709 6736
6745 6841
6775 6874
6861 6890
6880 6909
6887 6956
6937 6962
6950 6976
6957 6983
6959 7007
6961 7054
6964 7056
7017 7059
7026 7068
7070 7075
7071 7106
7077 7108
7096 7140
7109 7172
7126 7195
7127 7196
7176 7197
7198 7241
7204 7249
7251 7294
7251 7313
7301 7343
7335 7385
7356 7428
7410 7462
7493 7505
7585 7594
7599 7674
7646 7691
7666 7717
7670 7739
7710 7798
7719 7803
7796 7814
7868 7884
7890 7923
7900 7985
7965 8023
7981 8031
8001 8047
8014 8074
8029 8096
8051 8104
8083 8125
8106 8142
8137 8173
8143 8204
8163 8225
8207 8246
8275 8281
8301 8354
8327 8362
8332 8371
8351 8411
8392 8439
8408 8443
8420 8446
8426 8453
8449 8474
8478 8549
8522 8565
8529 8595
8551 8624
8578 8640
8600 8648
8602 8651
8643 8656
8644 8674
8657 8740
8771 8812
8826 8853
8838 8898
8899 8926
8917 8949
9112 9124
9119 9125
9190 9253
9255 9282
9258 9304
9260 9312
9267 9342
9352 9373
9363 9404
9388 9440
9464 9473
9465 9507
9495 9542
9503 9573
9556 9595
9589 9659
9619 9664
9625 9677
9637 9689
9650 9689
9651 9711
9708 9745
9863 9944
9866 9962
9978 10046
9985 10053
10099 10176
10159 10176
10187 10240
10188 10256
10193 10257
10210 10261
10230 10270
10236 10295
10243 10335
10408 10498
10422 10504
10496 10505
10528 10546
10631 10671
10657 10697
10696 10704
10709 10775
10726 10808
10825 10838
10835 10892
10841 10893
10854 10909
10866 10934
10904 10946
10911 10971
10937 10995
10954 11037
10999 11055
11040 11073
11045 11088
11051 11092
11066 11096
11070 11097
11073 11111
11076 11126
11094 11129
11104 11140
11120 11171
11128 11172
11134 11204
11138 11210
11216 11275
11282 11317
11299 11324
11321 11342
11420 11422
11502 11533
11502 11594
11505 11602
11619 11645
11689 11704
11704 11736
11731 11775
11819 11854
11845 11861
11845 11884
11853 11889
11876 11945
12002 12031
12003 12081
12067 12092
12074 12107
12092 12125
12099 12131
12104 12156
12105 12164
12106 12184
12123 12205
12162 12207
12164 12235
12175 12242
12219 12244
12251 12262
12259 12290
12260 12324
12270 12329
12298 12342
12346 12395
12359 12421
12366 12436
12406 12453
12412 12493
12415 12498
12480 12531
12577 12605
12587 12635
12598 12655
12628 12685
12642 12687
12719 12767
12848 12892
12867 12897
12891 12923
12949 13007
12999 13030
13021 13075
13056 13082
13080 13094
13094 13143
13130 13165
13134 13173
13140 13187
13157 13208
13203 13240
13222 13249
13325 13381
13353 13402
13413 13478
13415 13497
13436 13512
13551 13603
13592 13622
13618 13662
13623 13700
13645 13705
13657 13705
13716 13770
13756 13788
13781 13790
13786 13801
13857 13887
13896 13975
13902 14000
13931 14024
13958 14033
13980 14039
14002 14044
14038 14077
14052 14108
14083 14141
14096 14146
14145 14149
14145 14152
14157 14185
14174 14189
14176 14225
14179 14261
14251 14297
14251 14300
14267 14321
14282 14339
14283 14358
14352 14388
14372 14412
14407 14449
14409 14472
14507 14536
14508 14537
14511 14559
14588 14606
14599 14627
14601 14667
14669 14717
14694 14730
14702 14741
14744 14825
14789 14837
14836 14849
14851 14869
14909 14929
14910 14966
14923 14994
14967 15014
14968 15064
15007 15068
15054 15069
15095 15113
15105 15123
15111 15134
15143 15196
15153 15215
15159 15227
15194 15250
15195 15278
15251 15297
15284 15331
15317 15343
15320 15362
15356 15385
15358 15411
15371 15419
15376 15428
15399 15452
15400 15457
15423 15480
15488 15498
15492 15557
15540 15557
15552 15605
15591 15635
15595 15665
15637 15681
15642 15697
15655 15706
15659 15712
15742 15770
15763 15831
15879 15931
15940 15958
15947 15978
15950 15999
15957 16001
15981 16026
16068 16103
16068 16108
16173 16190
16208 16216
16256 16343
16322 16351
16329 16382
16353 16415
16385 16438
16483 16485
16488 16580
16584 16593
16633 16686
16660 16707
16682 16711
16692 16728
16741 16746
16745 16767
16812 16836
16837 16908
16884 16915
16905 16948
16923 16952
16969 17031
16979 17052
16985 17055
16990 17062
17043 17065
17052 17069
17059 17110
17060 17130
17104 17130
17112 17174
17130 17180
17149 17191
17152 17192
17161 17211
17168 17222
17189 17233
17277 17350
17319 17365
17387 17452
17422 17463
17435 17487
17481 17547
17491 17550
17510 17562
17519 17564
17526 17583
17568 17590
17571 17601
17631 17649
17635 17675
17659 17695
17750 17771
17766 17811
17771 17862
17841 17922
17920 17957
17932 17975
17968 18016
18041 18059
18041 18134
18090 18148
18139 18205
18238 18314
18278 18320
18303 18336
18366 18427
18395 18450
18437 18454
18440 18460
18448 18493
18473 18520
18480 18522
18524 18585
18537 18617
18658 18689
18676 18734
18740 18760
18769 18839
18837 18861
18838 18896
18888 18900
18894 18943
18931 18988
18957 19005
19021 19080
19055 19121
19093 19152
19094 19176
19122 19182
19154 19201
19213 19289
19252 19335
19272 19355
19312 19381
19359 19385
19376 19389
19376 19422
19429 19446
19436 19478
19437 19494
19445 19516
19491 19516
19493 19518
19525 19562
19559 19623
19597 19697
19668 19729
19685 19739
19707 19773
19713 19780
19751 19835
19810 19855
19837 19880
19842 19899
19880 19910
19881 19914
19890 19938
19954 19959
19959 19974
19990 20035
20019 20042
20023 20045
20034 20071
20035 20090
20039 20105
20059 20114
20060 20121
20084 20135
20093 20146
20116 20159
20122 20161
20132 20169
20144 20171
20172 20196
20209 20250
20221 20263
20286 20289
20293 20329
20364 20421
20380 20450
20414 20463
20452 20499
20459 20509
20475 20550
20478 20558
20574 20659
20615 20682
20734 20813
20744 20819
20812 20822
20887 20896
20890 20912
20892 20914
20913 20950
20999 21019
21002 21071
21013 21081
21046 21084
21054 21127
21199 21234
21228 21236
21265 21289
21292 21349
21305 21355
21341 21391
21426 21453
21428 21495
21431 21510
21464 21512
21475 21559
21518 21565
21525 21583
21559 21616
21572 21616
21594 21624
21616 21639
21626 21643
21636 21680
21670 21687
21670 21753
21673 21755
21677 21760
21741 21769
21741 21779
21742 21789
21755 21796
21760 21806
21771 21819
21871 21893
21880 21912
21889 21922
21897 21944
21910 21949
21916 21988
21984 22011
22003 22026
22025 22111
22096 22179
22105 22190
22199 22230
22207 22236
22225 22255
22228 22283
22303 22313
22305 22386
22378 22429
22395 22445
22419 22452
22421 22465
22427 22467
22429 22486
22463 22535
22469 22544
22502 22556
22545 22568
22578 22609
22596 22619
22606 22655
22608 22674
22617 22678
22702 22776
22822 22858
22851 22876
22861 22904
22866 22921
22891 22930
22912 22948
22925 22993
22992 23008
23062 23087
23147 23188
23172 23218
23214 23308
23218 23312
23321 23339
23353 23409
23359 23420
23374 23441
23408 23455
23472 23565
23680 23690
23693 23700
23724 23728
23749 23750
23774 23797
23778 23850
23787 23851
23795 23895
23826 23913
23892 23969
23899 23969
23904 23977
23909 23983
23917 23993
23982 24019
24001 24025
24008 24028
24053 24092
24057 24097
24065 24148
24067 24149
24151 24198
24168 24204
24188 24248
24275 24278
24280 24314
24283 24320
24321 24322
24344 24372
24346 24385
24350 24393
24389 24424
24391 24466
24440 24475
24472 24485
24478 24505
24479 24519
24487 24524
24491 24543
24531 24609
24539 24628
24590 24658
24728 24791
24798 24827
24802 24840
24814 24846
24834 24868
24841 24874
24868 24876
24871 24912
24895 24916
24910 25003
24995 25062
25142 25213
25155 25220
25195 25269
25215 25272
25244 25300
25246 25304
25251 25325
25289 25336
25331 25347
25331 25412
25378 25430
25404 25458
25409 25472
25479 25482
25480 25518
25493 25545
25517 25569
25549 25576
25563 25591
25587 25628
25589 25630
25590 25659
25597 25677
25652 25718
25801 25872
25851 25878
25858 25901
25865 25939
25867 25946
25879 25975
25923 25993
25927 25997
25973 26004
25995 26025
26022 26065
26085 26102
26107 26138
26134 26173
26134 26214
26175 26224
26182 26240
26202 26252
26204 26259
26207 26277
26250 26283
26254 26331
26273 26339
26277 26355
26299 26396
26439 26440
26546 26625
26582 26658
26735 26752
26736 26775
26770 26793
26781 26799
26838 26862
26839 26900
26847 26907
26873 26937
26902 26952
26922 27006
26944 27016
26964 27047
26993 27052
26994 27055
27001 27068
27008 27096
27033 27100
27103 27127
27197 27253
27259 27333
27264 27340
27299 27357
27384 27411
27416 27462
27455 27463
27480 27502
27492 27541
27501 27542
27501 27545
27506 27547
27567 27576
27640 27663
27688 27761
27703 27774
27719 27778
27731 27785
27761 27822
27819 27846
27820 27852
27849 27890
27850 27896
27932 27953
28081 28127
28146 28176
28150 28239
28309 28336
28335 28394
28376 28417
28400 28438
28412 28462
28430 28471
28433 28493
28439 28507
28452 28516
28530 28582
28555 28635
28625 28657
28834 28923
28928 29023
28976 29027
28988 29066
29009 29094
29016 29100
29064 29107
29171 29201
29196 29222
29204 29235
29238 29308
29251 29315
29335 29352
29536 29606
29584 29630
29679 29701
29725 29774
29726 29822
29785 29828
29838 29858
29887 29933
29897 29937
29898 29960
29904 29964
29910 29982
29921 29991
29941 30008
30002 30068
30116 30168
30184 30194
30252 30331
30268 30332
30357 30372
30363 30392
30366 30440
30371 30461
30396 30471
30479 30557
30617 30658
30630 30709
30647 30723
30741 30779
30763 30798
30794 30820
30814 30825
30823 30861
30856 30888
30857 30910
30920 30933
30921 30971
31031 31039
31081 31157
31095 31179
31176 31264
31236 31268
31243 31327
31355 31391
31374 31407
31406 31421
31470 31553
31482 31555
31541 31567
31553 31618
31685 31739
31734 31784
31758 31810
31772 31838
31842 31877
31853 31912
31861 31915
31870 31940
31882 31957
31901 31989
31954 31990

100 184
